[2019-08-02T14:42:59.160] [DEBUG] cheese - { appid: 'wx100749d4612ea385',
  bank_type: 'CFT',
  cash_fee: '1',
  fee_type: 'CNY',
  is_subscribe: 'N',
  mch_id: '1448624302',
  nonce_str: 'G9LB3QNBTCVP5X433P0JG236VELRVACQ',
  openid: 'odxZ30ufkKrSIVZy9y4R3MtgCrXE',
  out_trade_no: '1564728133366',
  result_code: 'SUCCESS',
  return_code: 'SUCCESS',
  sign: '321734F147DCA570D37B14CB7A6B4E9E',
  time_end: '20190802144223',
  total_fee: '1',
  trade_type: 'NATIVE',
  transaction_id: '4200000386201908020450804095' }
[2019-08-02T14:43:03.645] [DEBUG] cheese - { appid: 'wx100749d4612ea385',
  bank_type: 'CFT',
  cash_fee: '1',
  fee_type: 'CNY',
  is_subscribe: 'N',
  mch_id: '1448624302',
  nonce_str: 'G9LB3QNBTCVP5X433P0JG236VELRVACQ',
  openid: 'odxZ30ufkKrSIVZy9y4R3MtgCrXE',
  out_trade_no: '1564728133366',
  result_code: 'SUCCESS',
  return_code: 'SUCCESS',
  sign: '321734F147DCA570D37B14CB7A6B4E9E',
  time_end: '20190802144223',
  total_fee: '1',
  trade_type: 'NATIVE',
  transaction_id: '4200000386201908020450804095' }
[2019-08-02T14:43:08.679] [DEBUG] cheese - { appid: 'wx100749d4612ea385',
  bank_type: 'CFT',
  cash_fee: '1',
  fee_type: 'CNY',
  is_subscribe: 'N',
  mch_id: '1448624302',
  nonce_str: 'G9LB3QNBTCVP5X433P0JG236VELRVACQ',
  openid: 'odxZ30ufkKrSIVZy9y4R3MtgCrXE',
  out_trade_no: '1564728133366',
  result_code: 'SUCCESS',
  return_code: 'SUCCESS',
  sign: '321734F147DCA570D37B14CB7A6B4E9E',
  time_end: '20190802144223',
  total_fee: '1',
  trade_type: 'NATIVE',
  transaction_id: '4200000386201908020450804095' }
[2019-08-02T14:43:29.717] [DEBUG] cheese - { appid: 'wx100749d4612ea385',
  bank_type: 'CFT',
  cash_fee: '1',
  fee_type: 'CNY',
  is_subscribe: 'N',
  mch_id: '1448624302',
  nonce_str: 'G9LB3QNBTCVP5X433P0JG236VELRVACQ',
  openid: 'odxZ30ufkKrSIVZy9y4R3MtgCrXE',
  out_trade_no: '1564728133366',
  result_code: 'SUCCESS',
  return_code: 'SUCCESS',
  sign: '321734F147DCA570D37B14CB7A6B4E9E',
  time_end: '20190802144223',
  total_fee: '1',
  trade_type: 'NATIVE',
  transaction_id: '4200000386201908020450804095' }
[2019-08-02T14:43:34.697] [DEBUG] cheese - { appid: 'wx100749d4612ea385',
  bank_type: 'CFT',
  cash_fee: '1',
  fee_type: 'CNY',
  is_subscribe: 'N',
  mch_id: '1448624302',
  nonce_str: 'G9LB3QNBTCVP5X433P0JG236VELRVACQ',
  openid: 'odxZ30ufkKrSIVZy9y4R3MtgCrXE',
  out_trade_no: '1564728133366',
  result_code: 'SUCCESS',
  return_code: 'SUCCESS',
  sign: '321734F147DCA570D37B14CB7A6B4E9E',
  time_end: '20190802144223',
  total_fee: '1',
  trade_type: 'NATIVE',
  transaction_id: '4200000386201908020450804095' }
[2019-08-02T14:43:39.723] [DEBUG] cheese - { appid: 'wx100749d4612ea385',
  bank_type: 'CFT',
  cash_fee: '1',
  fee_type: 'CNY',
  is_subscribe: 'N',
  mch_id: '1448624302',
  nonce_str: 'G9LB3QNBTCVP5X433P0JG236VELRVACQ',
  openid: 'odxZ30ufkKrSIVZy9y4R3MtgCrXE',
  out_trade_no: '1564728133366',
  result_code: 'SUCCESS',
  return_code: 'SUCCESS',
  sign: '321734F147DCA570D37B14CB7A6B4E9E',
  time_end: '20190802144223',
  total_fee: '1',
  trade_type: 'NATIVE',
  transaction_id: '4200000386201908020450804095' }
[2019-08-02T14:45:31.153] [DEBUG] cheese - { appid: 'wx100749d4612ea385',
  bank_type: 'CFT',
  cash_fee: '1',
  fee_type: 'CNY',
  is_subscribe: 'N',
  mch_id: '1448624302',
  nonce_str: 'IEQS1HHNSQ54T0ZZI0MA0KEY9SJ397T3',
  openid: 'odxZ30ufkKrSIVZy9y4R3MtgCrXE',
  out_trade_no: '1564728324782',
  result_code: 'SUCCESS',
  return_code: 'SUCCESS',
  sign: 'D070FE570A46D0CEBE798771CB203BE9',
  time_end: '20190802144528',
  total_fee: '1',
  trade_type: 'NATIVE',
  transaction_id: '4200000392201908020195723912' }
[2019-08-02T14:45:36.128] [DEBUG] cheese - { appid: 'wx100749d4612ea385',
  bank_type: 'CFT',
  cash_fee: '1',
  fee_type: 'CNY',
  is_subscribe: 'N',
  mch_id: '1448624302',
  nonce_str: 'IEQS1HHNSQ54T0ZZI0MA0KEY9SJ397T3',
  openid: 'odxZ30ufkKrSIVZy9y4R3MtgCrXE',
  out_trade_no: '1564728324782',
  result_code: 'SUCCESS',
  return_code: 'SUCCESS',
  sign: 'D070FE570A46D0CEBE798771CB203BE9',
  time_end: '20190802144528',
  total_fee: '1',
  trade_type: 'NATIVE',
  transaction_id: '4200000392201908020195723912' }
[2019-08-02T14:45:41.141] [DEBUG] cheese - { appid: 'wx100749d4612ea385',
  bank_type: 'CFT',
  cash_fee: '1',
  fee_type: 'CNY',
  is_subscribe: 'N',
  mch_id: '1448624302',
  nonce_str: 'IEQS1HHNSQ54T0ZZI0MA0KEY9SJ397T3',
  openid: 'odxZ30ufkKrSIVZy9y4R3MtgCrXE',
  out_trade_no: '1564728324782',
  result_code: 'SUCCESS',
  return_code: 'SUCCESS',
  sign: 'D070FE570A46D0CEBE798771CB203BE9',
  time_end: '20190802144528',
  total_fee: '1',
  trade_type: 'NATIVE',
  transaction_id: '4200000392201908020195723912' }
[2019-08-02T14:45:47.421] [DEBUG] cheese - { appid: 'wx100749d4612ea385',
  bank_type: 'CFT',
  cash_fee: '1',
  fee_type: 'CNY',
  is_subscribe: 'N',
  mch_id: '1448624302',
  nonce_str: 'IEQS1HHNSQ54T0ZZI0MA0KEY9SJ397T3',
  openid: 'odxZ30ufkKrSIVZy9y4R3MtgCrXE',
  out_trade_no: '1564728324782',
  result_code: 'SUCCESS',
  return_code: 'SUCCESS',
  sign: 'D070FE570A46D0CEBE798771CB203BE9',
  time_end: '20190802144528',
  total_fee: '1',
  trade_type: 'NATIVE',
  transaction_id: '4200000392201908020195723912' }
[2019-08-02T14:45:52.408] [DEBUG] cheese - { appid: 'wx100749d4612ea385',
  bank_type: 'CFT',
  cash_fee: '1',
  fee_type: 'CNY',
  is_subscribe: 'N',
  mch_id: '1448624302',
  nonce_str: 'IEQS1HHNSQ54T0ZZI0MA0KEY9SJ397T3',
  openid: 'odxZ30ufkKrSIVZy9y4R3MtgCrXE',
  out_trade_no: '1564728324782',
  result_code: 'SUCCESS',
  return_code: 'SUCCESS',
  sign: 'D070FE570A46D0CEBE798771CB203BE9',
  time_end: '20190802144528',
  total_fee: '1',
  trade_type: 'NATIVE',
  transaction_id: '4200000392201908020195723912' }
[2019-08-02T14:45:57.411] [DEBUG] cheese - { appid: 'wx100749d4612ea385',
  bank_type: 'CFT',
  cash_fee: '1',
  fee_type: 'CNY',
  is_subscribe: 'N',
  mch_id: '1448624302',
  nonce_str: 'IEQS1HHNSQ54T0ZZI0MA0KEY9SJ397T3',
  openid: 'odxZ30ufkKrSIVZy9y4R3MtgCrXE',
  out_trade_no: '1564728324782',
  result_code: 'SUCCESS',
  return_code: 'SUCCESS',
  sign: 'D070FE570A46D0CEBE798771CB203BE9',
  time_end: '20190802144528',
  total_fee: '1',
  trade_type: 'NATIVE',
  transaction_id: '4200000392201908020195723912' }
[2019-08-02T14:46:03.631] [DEBUG] cheese - { appid: 'wx100749d4612ea385',
  bank_type: 'CFT',
  cash_fee: '1',
  fee_type: 'CNY',
  is_subscribe: 'N',
  mch_id: '1448624302',
  nonce_str: 'IEQS1HHNSQ54T0ZZI0MA0KEY9SJ397T3',
  openid: 'odxZ30ufkKrSIVZy9y4R3MtgCrXE',
  out_trade_no: '1564728324782',
  result_code: 'SUCCESS',
  return_code: 'SUCCESS',
  sign: 'D070FE570A46D0CEBE798771CB203BE9',
  time_end: '20190802144528',
  total_fee: '1',
  trade_type: 'NATIVE',
  transaction_id: '4200000392201908020195723912' }
[2019-08-02T14:46:08.637] [DEBUG] cheese - { appid: 'wx100749d4612ea385',
  bank_type: 'CFT',
  cash_fee: '1',
  fee_type: 'CNY',
  is_subscribe: 'N',
  mch_id: '1448624302',
  nonce_str: 'IEQS1HHNSQ54T0ZZI0MA0KEY9SJ397T3',
  openid: 'odxZ30ufkKrSIVZy9y4R3MtgCrXE',
  out_trade_no: '1564728324782',
  result_code: 'SUCCESS',
  return_code: 'SUCCESS',
  sign: 'D070FE570A46D0CEBE798771CB203BE9',
  time_end: '20190802144528',
  total_fee: '1',
  trade_type: 'NATIVE',
  transaction_id: '4200000392201908020195723912' }
[2019-08-02T14:46:13.633] [DEBUG] cheese - { appid: 'wx100749d4612ea385',
  bank_type: 'CFT',
  cash_fee: '1',
  fee_type: 'CNY',
  is_subscribe: 'N',
  mch_id: '1448624302',
  nonce_str: 'IEQS1HHNSQ54T0ZZI0MA0KEY9SJ397T3',
  openid: 'odxZ30ufkKrSIVZy9y4R3MtgCrXE',
  out_trade_no: '1564728324782',
  result_code: 'SUCCESS',
  return_code: 'SUCCESS',
  sign: 'D070FE570A46D0CEBE798771CB203BE9',
  time_end: '20190802144528',
  total_fee: '1',
  trade_type: 'NATIVE',
  transaction_id: '4200000392201908020195723912' }
[2019-08-02T14:46:30.835] [DEBUG] cheese - { appid: 'wx100749d4612ea385',
  bank_type: 'CFT',
  cash_fee: '1',
  fee_type: 'CNY',
  is_subscribe: 'N',
  mch_id: '1448624302',
  nonce_str: 'G9LB3QNBTCVP5X433P0JG236VELRVACQ',
  openid: 'odxZ30ufkKrSIVZy9y4R3MtgCrXE',
  out_trade_no: '1564728133366',
  result_code: 'SUCCESS',
  return_code: 'SUCCESS',
  sign: '321734F147DCA570D37B14CB7A6B4E9E',
  time_end: '20190802144223',
  total_fee: '1',
  trade_type: 'NATIVE',
  transaction_id: '4200000386201908020450804095' }
[2019-08-02T14:46:34.773] [DEBUG] cheese - { appid: 'wx100749d4612ea385',
  bank_type: 'CFT',
  cash_fee: '1',
  fee_type: 'CNY',
  is_subscribe: 'N',
  mch_id: '1448624302',
  nonce_str: 'IEQS1HHNSQ54T0ZZI0MA0KEY9SJ397T3',
  openid: 'odxZ30ufkKrSIVZy9y4R3MtgCrXE',
  out_trade_no: '1564728324782',
  result_code: 'SUCCESS',
  return_code: 'SUCCESS',
  sign: 'D070FE570A46D0CEBE798771CB203BE9',
  time_end: '20190802144528',
  total_fee: '1',
  trade_type: 'NATIVE',
  transaction_id: '4200000392201908020195723912' }
[2019-08-02T14:46:35.845] [DEBUG] cheese - { appid: 'wx100749d4612ea385',
  bank_type: 'CFT',
  cash_fee: '1',
  fee_type: 'CNY',
  is_subscribe: 'N',
  mch_id: '1448624302',
  nonce_str: 'G9LB3QNBTCVP5X433P0JG236VELRVACQ',
  openid: 'odxZ30ufkKrSIVZy9y4R3MtgCrXE',
  out_trade_no: '1564728133366',
  result_code: 'SUCCESS',
  return_code: 'SUCCESS',
  sign: '321734F147DCA570D37B14CB7A6B4E9E',
  time_end: '20190802144223',
  total_fee: '1',
  trade_type: 'NATIVE',
  transaction_id: '4200000386201908020450804095' }
[2019-08-02T14:46:39.772] [DEBUG] cheese - { appid: 'wx100749d4612ea385',
  bank_type: 'CFT',
  cash_fee: '1',
  fee_type: 'CNY',
  is_subscribe: 'N',
  mch_id: '1448624302',
  nonce_str: 'IEQS1HHNSQ54T0ZZI0MA0KEY9SJ397T3',
  openid: 'odxZ30ufkKrSIVZy9y4R3MtgCrXE',
  out_trade_no: '1564728324782',
  result_code: 'SUCCESS',
  return_code: 'SUCCESS',
  sign: 'D070FE570A46D0CEBE798771CB203BE9',
  time_end: '20190802144528',
  total_fee: '1',
  trade_type: 'NATIVE',
  transaction_id: '4200000392201908020195723912' }
[2019-08-02T14:46:40.860] [DEBUG] cheese - { appid: 'wx100749d4612ea385',
  bank_type: 'CFT',
  cash_fee: '1',
  fee_type: 'CNY',
  is_subscribe: 'N',
  mch_id: '1448624302',
  nonce_str: 'G9LB3QNBTCVP5X433P0JG236VELRVACQ',
  openid: 'odxZ30ufkKrSIVZy9y4R3MtgCrXE',
  out_trade_no: '1564728133366',
  result_code: 'SUCCESS',
  return_code: 'SUCCESS',
  sign: '321734F147DCA570D37B14CB7A6B4E9E',
  time_end: '20190802144223',
  total_fee: '1',
  trade_type: 'NATIVE',
  transaction_id: '4200000386201908020450804095' }
[2019-08-02T14:46:44.781] [DEBUG] cheese - { appid: 'wx100749d4612ea385',
  bank_type: 'CFT',
  cash_fee: '1',
  fee_type: 'CNY',
  is_subscribe: 'N',
  mch_id: '1448624302',
  nonce_str: 'IEQS1HHNSQ54T0ZZI0MA0KEY9SJ397T3',
  openid: 'odxZ30ufkKrSIVZy9y4R3MtgCrXE',
  out_trade_no: '1564728324782',
  result_code: 'SUCCESS',
  return_code: 'SUCCESS',
  sign: 'D070FE570A46D0CEBE798771CB203BE9',
  time_end: '20190802144528',
  total_fee: '1',
  trade_type: 'NATIVE',
  transaction_id: '4200000392201908020195723912' }
[2019-08-02T14:49:36.416] [DEBUG] cheese - E5A60905E8448DC766A062F68288580E
[2019-08-02T14:49:40.981] [DEBUG] cheese - E5A60905E8448DC766A062F68288580E
[2019-08-02T14:49:45.979] [DEBUG] cheese - E5A60905E8448DC766A062F68288580E
[2019-08-02T14:49:46.271] [DEBUG] cheese - E5A60905E8448DC766A062F68288580E
[2019-08-02T14:49:51.284] [DEBUG] cheese - E5A60905E8448DC766A062F68288580E
[2019-08-02T14:49:56.286] [DEBUG] cheese - E5A60905E8448DC766A062F68288580E
